<?xml version="1.0" encoding="UTF-8"?>
<!-- Generated by org.testng.reporters.JUnitReportReporter -->
<testsuite hostname="SupriyaPC" name="com.gurukula.tests.BranchesTest" tests="10" failures="0" timestamp="12 Nov 2015 15:51:28 GMT" time="149.742" errors="0">
  <testcase name="testAddBranch" time="3.612" classname="com.gurukula.tests.BranchesTest"/>
  <testcase name="testViewBranch" time="1.424" classname="com.gurukula.tests.BranchesTest"/>
  <testcase name="testAddBranch" time="3.692" classname="com.gurukula.tests.BranchesTest"/>
  <testcase name="testDeleteBranch" time="31.567" classname="com.gurukula.tests.BranchesTest"/>
  <testcase name="testSearchBranch" time="92.353" classname="com.gurukula.tests.BranchesTest"/>
  <testcase name="testAddBranch" time="3.072" classname="com.gurukula.tests.BranchesTest"/>
  <testcase name="testAddBranch" time="3.062" classname="com.gurukula.tests.BranchesTest"/>
  <testcase name="testAddBranch" time="3.071" classname="com.gurukula.tests.BranchesTest"/>
  <testcase name="testEditBranch" time="4.937" classname="com.gurukula.tests.BranchesTest"/>
  <testcase name="testAddBranch" time="2.952" classname="com.gurukula.tests.BranchesTest"/>
</testsuite> <!-- com.gurukula.tests.BranchesTest -->
