<?xml version="1.0" encoding="UTF-8"?>
<!-- Generated by org.testng.reporters.JUnitReportReporter -->
<testsuite hostname="SupriyaPC" name="com.gurukula.tests.EntitiesTest" tests="1" failures="0" timestamp="10 Nov 2015 13:59:28 GMT" time="2.830" errors="0">
  <testcase name="testAddBranch" time="2.830" classname="com.gurukula.tests.EntitiesTest"/>
</testsuite> <!-- com.gurukula.tests.EntitiesTest -->
