<?xml version="1.0" encoding="UTF-8"?>
<!-- Generated by org.testng.reporters.JUnitReportReporter -->
<testsuite hostname="SupriyaPC" name="com.gurukula.EntitiesTest" tests="1" failures="0" timestamp="9 Nov 2015 19:23:49 GMT" time="0.020" errors="0">
  <testcase name="dummy" time="0.020" classname="com.gurukula.EntitiesTest"/>
</testsuite> <!-- com.gurukula.EntitiesTest -->
