<?xml version="1.0" encoding="UTF-8"?>
<!-- Generated by org.testng.reporters.JUnitReportReporter -->
<testsuite hostname="SupriyaPC" name="com.gurukula.LoggedInInformationTest" tests="1" failures="0" timestamp="9 Nov 2015 19:23:49 GMT" time="2.251" errors="0">
  <testcase name="testEditAccountSettings" time="2.251" classname="com.gurukula.LoggedInInformationTest"/>
</testsuite> <!-- com.gurukula.LoggedInInformationTest -->
