<?xml version="1.0" encoding="UTF-8"?>
<!-- Generated by org.testng.reporters.JUnitReportReporter -->
<testsuite hostname="SupriyaPC" name="com.gurukula.tests.StaffsTest" tests="10" failures="0" timestamp="12 Nov 2015 15:51:28 GMT" time="42.250" errors="0">
  <testcase name="testAddStaff" time="3.199" classname="com.gurukula.tests.StaffsTest"/>
  <testcase name="testAddStaff" time="3.746" classname="com.gurukula.tests.StaffsTest"/>
  <testcase name="testViewStaff" time="1.801" classname="com.gurukula.tests.StaffsTest"/>
  <testcase name="testAddStaff" time="3.050" classname="com.gurukula.tests.StaffsTest"/>
  <testcase name="testAddStaff" time="3.177" classname="com.gurukula.tests.StaffsTest"/>
  <testcase name="testDeleteStaff" time="13.947" classname="com.gurukula.tests.StaffsTest"/>
  <testcase name="testAddStaff" time="3.157" classname="com.gurukula.tests.StaffsTest"/>
  <testcase name="testAddStaff" time="3.472" classname="com.gurukula.tests.StaffsTest"/>
  <testcase name="testSearchStaff" time="1.229" classname="com.gurukula.tests.StaffsTest"/>
  <testcase name="testEditStaff" time="5.472" classname="com.gurukula.tests.StaffsTest"/>
</testsuite> <!-- com.gurukula.tests.StaffsTest -->
